<?xml version="1.0" encoding="UTF-8"?>
<!-- Generated by org.testng.reporters.JUnitXMLReporter -->
<testsuite hostname="AQMIT-DSK-10290" ignored="0" name="Window" tests="4" failures="2" timestamp="2022-08-30T11:25:41 IST" time="89.227" errors="0">
  <testcase name="runScenario" time="24.513" classname="io.cucumber.testng.AbstractTestNGCucumberTests"/>
  <testcase name="runScenario" time="20.218" classname="io.cucumber.testng.AbstractTestNGCucumberTests">
    <failure type="java.lang.AssertionError" message="expected [Beetroot] but found [No data]">
      <![CDATA[java.lang.AssertionError: expected [Beetroot] but found [No data]
at stepDefinitions.GreenKartOfferPageStepDefinition.validate_product_name_in_offers_page_matches_with_landing_page(GreenKartOfferPageStepDefinition.java:65)
at ✽.validate product name in offers page matches with Landing Page(file:///D:/Users/Temp/Desktop/CucumberMiniProjectFramework/src/test/java/features/searchProduct.feature:8)
... Removed 6 stack frames]]>
    </failure>
  </testcase> <!-- runScenario -->
  <testcase name="runScenario" time="20.173" classname="io.cucumber.testng.AbstractTestNGCucumberTests">
    <failure type="java.lang.AssertionError" message="expected [Cucumber] but found [No data]">
      <![CDATA[java.lang.AssertionError: expected [Cucumber] but found [No data]
at stepDefinitions.GreenKartOfferPageStepDefinition.validate_product_name_in_offers_page_matches_with_landing_page(GreenKartOfferPageStepDefinition.java:65)
at ✽.validate product name in offers page matches with Landing Page(file:///D:/Users/Temp/Desktop/CucumberMiniProjectFramework/src/test/java/features/searchProduct.feature:8)
... Removed 6 stack frames]]>
    </failure>
  </testcase> <!-- runScenario -->
  <testcase name="runScenario" time="22.584" classname="io.cucumber.testng.AbstractTestNGCucumberTests"/>
</testsuite> <!-- Window -->
