<?xml version="1.0" encoding="UTF-8"?>
<testsuite xmlns:xsi="http://www.w3.org/2001/XMLSchema-instance" xsi:noNamespaceSchemaLocation="https://maven.apache.org/surefire/maven-surefire-plugin/xsd/surefire-test-report-3.0.xsd" version="3.0" name="TestSuite" time="89.861" tests="4" errors="0" skipped="0" failures="2">
  <properties>
[...]
</properties>
  <testcase name="runScenario[&quot;Search Experience for product search in both home and offers page&quot;, &quot;Search and Place the order for Products&quot;](1)" classname="cucumberOptions.TestNGTestRunner" time="24.515">
    <system-out><![CDATA[
@OffersPage
Scenario Outline: Search Experience for product search in both home and offers page # src/test/java/features/searchProduct.feature:12
  Given User is on GreenCart Landing page                                           # stepDefinitions.GreenKartLandingPageStepDefinition.user_is_on_green_cart_landing_page()
Tomato is extracted from home page
  When User searched with shortname Tom and extracted actual name of product        # stepDefinitions.GreenKartLandingPageStepDefinition.user_searched_with_shortname_and_extracted_actual_name_of_product(java.lang.String)
  Then User searched for same shortname Tom in offers page                          # stepDefinitions.GreenKartOfferPageStepDefinition.user_searched_for_same_shortname_in_offers_page_to_check_if_the_product_exist(java.lang.String)
  And validate product name in offers page matches with Landing Page                # stepDefinitions.GreenKartOfferPageStepDefinition.validate_product_name_in_offers_page_matches_with_landing_page()
]]></system-out>
    <system-err><![CDATA[SLF4J: Failed to load class "org.slf4j.impl.StaticLoggerBinder".
SLF4J: Defaulting to no-operation (NOP) logger implementation
SLF4J: See http://www.slf4j.org/codes.html#StaticLoggerBinder for further details.
Starting ChromeDriver 104.0.5112.79 (3cf3e8c8a07d104b9e1260c910efb8f383285dc5-refs/branch-heads/5112@{#1307}) on port 63164
Only local connections are allowed.
Please see https://chromedriver.chromium.org/security-considerations for suggestions on keeping ChromeDriver safe.
ChromeDriver was started successfully.
Aug 30, 2022 11:24:17 AM org.openqa.selenium.remote.ProtocolHandshake createSession
INFO: Detected upstream dialect: W3C
Aug 30, 2022 11:24:18 AM org.openqa.selenium.devtools.CdpVersionFinder findNearestMatch
INFO: Found exact CDP implementation for version 104
]]></system-err>
  </testcase>
  <testcase name="runScenario[&quot;Search Experience for product search in both home and offers page&quot;, &quot;Search and Place the order for Products&quot;](2)" classname="cucumberOptions.TestNGTestRunner" time="20.221">
    <failure message="expected [Beetroot] but found [No data]" type="java.lang.AssertionError"><![CDATA[java.lang.AssertionError: expected [Beetroot] but found [No data]
	at org.testng.Assert.fail(Assert.java:110)
	at org.testng.Assert.failNotEquals(Assert.java:1413)
	at org.testng.Assert.assertEqualsImpl(Assert.java:149)
	at org.testng.Assert.assertEquals(Assert.java:131)
	at org.testng.Assert.assertEquals(Assert.java:655)
	at org.testng.Assert.assertEquals(Assert.java:665)
	at stepDefinitions.GreenKartOfferPageStepDefinition.validate_product_name_in_offers_page_matches_with_landing_page(GreenKartOfferPageStepDefinition.java:65)
	at ✽.validate product name in offers page matches with Landing Page(file:///D:/Users/Temp/Desktop/CucumberMiniProjectFramework/src/test/java/features/searchProduct.feature:8)
]]></failure>
    <system-out><![CDATA[
@OffersPage
Scenario Outline: Search Experience for product search in both home and offers page # src/test/java/features/searchProduct.feature:13
  Given User is on GreenCart Landing page                                           # stepDefinitions.GreenKartLandingPageStepDefinition.user_is_on_green_cart_landing_page()
Beetroot is extracted from home page
  When User searched with shortname Beet and extracted actual name of product       # stepDefinitions.GreenKartLandingPageStepDefinition.user_searched_with_shortname_and_extracted_actual_name_of_product(java.lang.String)
  Then User searched for same shortname Beet in offers page                         # stepDefinitions.GreenKartOfferPageStepDefinition.user_searched_for_same_shortname_in_offers_page_to_check_if_the_product_exist(java.lang.String)
  And validate product name in offers page matches with Landing Page                # stepDefinitions.GreenKartOfferPageStepDefinition.validate_product_name_in_offers_page_matches_with_landing_page()
      java.lang.AssertionError: expected [Beetroot] but found [No data]
	at org.testng.Assert.fail(Assert.java:110)
	at org.testng.Assert.failNotEquals(Assert.java:1413)
	at org.testng.Assert.assertEqualsImpl(Assert.java:149)
	at org.testng.Assert.assertEquals(Assert.java:131)
	at org.testng.Assert.assertEquals(Assert.java:655)
	at org.testng.Assert.assertEquals(Assert.java:665)
	at stepDefinitions.GreenKartOfferPageStepDefinition.validate_product_name_in_offers_page_matches_with_landing_page(GreenKartOfferPageStepDefinition.java:65)
	at âœ½.validate product name in offers page matches with Landing Page(file:///D:/Users/Temp/Desktop/CucumberMiniProjectFramework/src/test/java/features/searchProduct.feature:8)


    Embedding image [image/png 20543 bytes]

]]></system-out>
    <system-err><![CDATA[Starting ChromeDriver 104.0.5112.79 (3cf3e8c8a07d104b9e1260c910efb8f383285dc5-refs/branch-heads/5112@{#1307}) on port 55535
Only local connections are allowed.
Please see https://chromedriver.chromium.org/security-considerations for suggestions on keeping ChromeDriver safe.
ChromeDriver was started successfully.
Aug 30, 2022 11:24:39 AM org.openqa.selenium.remote.ProtocolHandshake createSession
INFO: Detected upstream dialect: W3C
Aug 30, 2022 11:24:39 AM org.openqa.selenium.devtools.CdpVersionFinder findNearestMatch
INFO: Found exact CDP implementation for version 104
]]></system-err>
  </testcase>
  <testcase name="runScenario[&quot;Search Experience for product search in both home and offers page&quot;, &quot;Search and Place the order for Products&quot;](3)" classname="cucumberOptions.TestNGTestRunner" time="20.173">
    <failure message="expected [Cucumber] but found [No data]" type="java.lang.AssertionError"><![CDATA[java.lang.AssertionError: expected [Cucumber] but found [No data]
	at org.testng.Assert.fail(Assert.java:110)
	at org.testng.Assert.failNotEquals(Assert.java:1413)
	at org.testng.Assert.assertEqualsImpl(Assert.java:149)
	at org.testng.Assert.assertEquals(Assert.java:131)
	at org.testng.Assert.assertEquals(Assert.java:655)
	at org.testng.Assert.assertEquals(Assert.java:665)
	at stepDefinitions.GreenKartOfferPageStepDefinition.validate_product_name_in_offers_page_matches_with_landing_page(GreenKartOfferPageStepDefinition.java:65)
	at ✽.validate product name in offers page matches with Landing Page(file:///D:/Users/Temp/Desktop/CucumberMiniProjectFramework/src/test/java/features/searchProduct.feature:8)
]]></failure>
    <system-out><![CDATA[
@OffersPage
Scenario Outline: Search Experience for product search in both home and offers page # src/test/java/features/searchProduct.feature:14
  Given User is on GreenCart Landing page                                           # stepDefinitions.GreenKartLandingPageStepDefinition.user_is_on_green_cart_landing_page()
Cucumber is extracted from home page
  When User searched with shortname Cucu and extracted actual name of product       # stepDefinitions.GreenKartLandingPageStepDefinition.user_searched_with_shortname_and_extracted_actual_name_of_product(java.lang.String)
  Then User searched for same shortname Cucu in offers page                         # stepDefinitions.GreenKartOfferPageStepDefinition.user_searched_for_same_shortname_in_offers_page_to_check_if_the_product_exist(java.lang.String)
  And validate product name in offers page matches with Landing Page                # stepDefinitions.GreenKartOfferPageStepDefinition.validate_product_name_in_offers_page_matches_with_landing_page()
      java.lang.AssertionError: expected [Cucumber] but found [No data]
	at org.testng.Assert.fail(Assert.java:110)
	at org.testng.Assert.failNotEquals(Assert.java:1413)
	at org.testng.Assert.assertEqualsImpl(Assert.java:149)
	at org.testng.Assert.assertEquals(Assert.java:131)
	at org.testng.Assert.assertEquals(Assert.java:655)
	at org.testng.Assert.assertEquals(Assert.java:665)
	at stepDefinitions.GreenKartOfferPageStepDefinition.validate_product_name_in_offers_page_matches_with_landing_page(GreenKartOfferPageStepDefinition.java:65)
	at âœ½.validate product name in offers page matches with Landing Page(file:///D:/Users/Temp/Desktop/CucumberMiniProjectFramework/src/test/java/features/searchProduct.feature:8)


    Embedding image [image/png 20402 bytes]

]]></system-out>
    <system-err><![CDATA[Starting ChromeDriver 104.0.5112.79 (3cf3e8c8a07d104b9e1260c910efb8f383285dc5-refs/branch-heads/5112@{#1307}) on port 63610
Only local connections are allowed.
Please see https://chromedriver.chromium.org/security-considerations for suggestions on keeping ChromeDriver safe.
ChromeDriver was started successfully.
Aug 30, 2022 11:24:59 AM org.openqa.selenium.remote.ProtocolHandshake createSession
INFO: Detected upstream dialect: W3C
Aug 30, 2022 11:24:59 AM org.openqa.selenium.devtools.CdpVersionFinder findNearestMatch
INFO: Found exact CDP implementation for version 104
]]></system-err>
  </testcase>
  <testcase name="runScenario[&quot;Search Experience for product search in both home and offers page&quot;, &quot;Search and Place the order for Products&quot;](4)" classname="cucumberOptions.TestNGTestRunner" time="22.584">
    <system-out><![CDATA[
@OffersPage
Scenario Outline: Search Experience for product search in both home and offers page # src/test/java/features/searchProduct.feature:15
  Given User is on GreenCart Landing page                                           # stepDefinitions.GreenKartLandingPageStepDefinition.user_is_on_green_cart_landing_page()
Potato is extracted from home page
  When User searched with shortname Pot and extracted actual name of product        # stepDefinitions.GreenKartLandingPageStepDefinition.user_searched_with_shortname_and_extracted_actual_name_of_product(java.lang.String)
  Then User searched for same shortname Pot in offers page                          # stepDefinitions.GreenKartOfferPageStepDefinition.user_searched_for_same_shortname_in_offers_page_to_check_if_the_product_exist(java.lang.String)
  And validate product name in offers page matches with Landing Page                # stepDefinitions.GreenKartOfferPageStepDefinition.validate_product_name_in_offers_page_matches_with_landing_page()
]]></system-out>
    <system-err><![CDATA[Starting ChromeDriver 104.0.5112.79 (3cf3e8c8a07d104b9e1260c910efb8f383285dc5-refs/branch-heads/5112@{#1307}) on port 53215
Only local connections are allowed.
Please see https://chromedriver.chromium.org/security-considerations for suggestions on keeping ChromeDriver safe.
ChromeDriver was started successfully.
Aug 30, 2022 11:25:19 AM org.openqa.selenium.remote.ProtocolHandshake createSession
INFO: Detected upstream dialect: W3C
Aug 30, 2022 11:25:19 AM org.openqa.selenium.devtools.CdpVersionFinder findNearestMatch
INFO: Found exact CDP implementation for version 104
]]></system-err>
  </testcase>
</testsuite>